<?xml version="1.0" encoding="UTF-8"?>
<!-- Generated by org.testng.reporters.JUnitReportReporter -->
<testsuite name="com.quantum.tests.PerfectoBank" tests="4" time="187.840" ignored="0" failures="0" timestamp="16 Oct 2018 15:07:30 GMT" skipped="1" hostname="UziMac.lan" errors="1">
  <testcase name="PerfectoBankCheckDeposit" time="92.624" classname="com.quantum.tests.PerfectoBank"/>
  <testcase name="transferMoneyMoreThenBalance" time="44.746" classname="com.quantum.tests.PerfectoBank"/>
  <testcase name="PerfectoBankCheckDeposit" time="50.470" classname="com.quantum.tests.PerfectoBank">
    <error type="org.openqa.selenium.WebDriverException" message="Failed to execute command image.injection start: startImageInjection command failed. Reason: handset server: target application is not instrumented
Command duration or timeout: 3.33 seconds
Build info: version: &#039;2.53.1&#039;, revision: &#039;a36b8b1cd5757287168e54b817830adce9b0158d&#039;, time: &#039;2016-06-30 19:26:09&#039;
System info: host: &#039;UziMac.lan&#039;, ip: &#039;10.253.252.217&#039;, os.name: &#039;Mac OS X&#039;, os.arch: &#039;x86_64&#039;, os.version: &#039;10.13.6&#039;, java.version: &#039;1.8.0_45&#039;
Driver info: com.qmetry.qaf.automation.ui.webdriver.QAFExtendedWebDriver
Capabilities [{reportPdfUrl=https://demo.reporting.perfectomobile.com/export/api/v1/test-executions/pdf?externalId[0]=uzie@perfectomobile.com_RemoteWebDriver_18-10-16_15_04_23_20638&amp;_timestamp[0]=1539702263991, simpleIsVisibleCheck=true, deviceName=143D71CAAC024D6E111E8E7FF460D4C8F0080E5A, platform=ANY, password=, deviceSessionId=uzie@perfectomobile.com_RemoteWebDriver_18-10-16_15_04_23_20638, host=demo.perfectomobile.com, singleTestReportUrl=https://demo.reporting.perfectomobile.com/library?externalId[0]=uzie@perfectomobile.com_RemoteWebDriver_18-10-16_15_04_23_20638&amp;_timestamp[0]=1539702263991, takesScreenshot=true, javascriptEnabled=true, platformName=iOS, rotatable=true, testGridReportUrl=https://demo.reporting.perfectomobile.com/library?externalId[0]=uzie@perfectomobile.com_RemoteWebDriver_18-10-16_15_04_23_20638&amp;_timestamp[0]=1539702263991, entityType=appium_driver, xcuitestFindOptimizations=true, bundleId=com.perfecto.PerfectoBank, serverConnector=, serverHost=1.1.29.29:11601, securityToken=, executionId=uzie@perfectomobile.com_RemoteWebDriver_18-10-16_15_04_23_20638, webdriver.remote.sessionid=05bebe77-bf7e-49e3-a473-812fea606cd9, locationContextEnabled=true, scriptName=RemoteWebDriver, location=NA-US-BOS, reportKey=uzie@perfectomobile.com_RemoteWebDriver_18-10-16_15_04_23_20638, windTunnelReportUrl=https://demo.reporting.perfectomobile.com/library?externalId[0]=uzie@perfectomobile.com_RemoteWebDriver_18-10-16_15_04_23_20638&amp;_timestamp[0]=1539702263991, user=, cssSelectorsEnabled=true}]
Session ID: 05bebe77-bf7e-49e3-a473-812fea606cd9">
      <![CDATA[org.openqa.selenium.WebDriverException: Failed to execute command image.injection start: startImageInjection command failed. Reason: handset server: target application is not instrumented
Command duration or timeout: 3.33 seconds
Build info: version: '2.53.1', revision: 'a36b8b1cd5757287168e54b817830adce9b0158d', time: '2016-06-30 19:26:09'
System info: host: 'UziMac.lan', ip: '10.253.252.217', os.name: 'Mac OS X', os.arch: 'x86_64', os.version: '10.13.6', java.version: '1.8.0_45'
Driver info: com.qmetry.qaf.automation.ui.webdriver.QAFExtendedWebDriver
Capabilities [{reportPdfUrl=https://demo.reporting.perfectomobile.com/export/api/v1/test-executions/pdf?externalId[0]=uzie@perfectomobile.com_RemoteWebDriver_18-10-16_15_04_23_20638&_timestamp[0]=1539702263991, simpleIsVisibleCheck=true, deviceName=143D71CAAC024D6E111E8E7FF460D4C8F0080E5A, platform=ANY, password=, deviceSessionId=uzie@perfectomobile.com_RemoteWebDriver_18-10-16_15_04_23_20638, host=demo.perfectomobile.com, singleTestReportUrl=https://demo.reporting.perfectomobile.com/library?externalId[0]=uzie@perfectomobile.com_RemoteWebDriver_18-10-16_15_04_23_20638&_timestamp[0]=1539702263991, takesScreenshot=true, javascriptEnabled=true, platformName=iOS, rotatable=true, testGridReportUrl=https://demo.reporting.perfectomobile.com/library?externalId[0]=uzie@perfectomobile.com_RemoteWebDriver_18-10-16_15_04_23_20638&_timestamp[0]=1539702263991, entityType=appium_driver, xcuitestFindOptimizations=true, bundleId=com.perfecto.PerfectoBank, serverConnector=, serverHost=1.1.29.29:11601, securityToken=, executionId=uzie@perfectomobile.com_RemoteWebDriver_18-10-16_15_04_23_20638, webdriver.remote.sessionid=05bebe77-bf7e-49e3-a473-812fea606cd9, locationContextEnabled=true, scriptName=RemoteWebDriver, location=NA-US-BOS, reportKey=uzie@perfectomobile.com_RemoteWebDriver_18-10-16_15_04_23_20638, windTunnelReportUrl=https://demo.reporting.perfectomobile.com/library?externalId[0]=uzie@perfectomobile.com_RemoteWebDriver_18-10-16_15_04_23_20638&_timestamp[0]=1539702263991, user=, cssSelectorsEnabled=true}]
Session ID: 05bebe77-bf7e-49e3-a473-812fea606cd9
	at sun.reflect.NativeConstructorAccessorImpl.newInstance0(Native Method)
	at sun.reflect.NativeConstructorAccessorImpl.newInstance(NativeConstructorAccessorImpl.java:62)
	at sun.reflect.DelegatingConstructorAccessorImpl.newInstance(DelegatingConstructorAccessorImpl.java:45)
	at java.lang.reflect.Constructor.newInstance(Constructor.java:422)
	at org.openqa.selenium.remote.ErrorHandler.createThrowable(ErrorHandler.java:206)
	at org.openqa.selenium.remote.ErrorHandler.throwIfResponseFailed(ErrorHandler.java:158)
	at org.openqa.selenium.remote.RemoteWebDriver.execute(RemoteWebDriver.java:678)
	at com.qmetry.qaf.automation.ui.webdriver.QAFExtendedWebDriver.execute(QAFExtendedWebDriver.java:234)
	at com.qmetry.qaf.automation.ui.webdriver.QAFExtendedWebDriver.executeScript(QAFExtendedWebDriver.java:529)
	at com.quantum.utils.moreActions.startImageInjection(moreActions.java:39)
	at com.quantum.tests.PerfectoBank.PerfectoBankCheckDeposit(PerfectoBank.java:36)
	at sun.reflect.NativeMethodAccessorImpl.invoke0(Native Method)
	at sun.reflect.NativeMethodAccessorImpl.invoke(NativeMethodAccessorImpl.java:62)
	at sun.reflect.DelegatingMethodAccessorImpl.invoke(DelegatingMethodAccessorImpl.java:43)
	at java.lang.reflect.Method.invoke(Method.java:497)
	at org.testng.internal.MethodInvocationHelper.invokeMethod(MethodInvocationHelper.java:104)
	at org.testng.internal.Invoker.invokeMethod(Invoker.java:645)
	at org.testng.internal.Invoker.invokeTestMethod(Invoker.java:851)
	at org.testng.internal.Invoker.invokeTestMethods(Invoker.java:1177)
	at org.testng.internal.TestMethodWorker.invokeTestMethods(TestMethodWorker.java:129)
	at org.testng.internal.TestMethodWorker.run(TestMethodWorker.java:112)
	at org.testng.TestRunner.privateRun(TestRunner.java:781)
	at org.testng.TestRunner.run(TestRunner.java:635)
	at org.testng.SuiteRunner.runTest(SuiteRunner.java:387)
	at org.testng.SuiteRunner.access$000(SuiteRunner.java:39)
	at org.testng.SuiteRunner$SuiteWorker.run(SuiteRunner.java:421)
	at org.testng.internal.thread.ThreadUtil$2.call(ThreadUtil.java:64)
	at java.util.concurrent.FutureTask.run(FutureTask.java:266)
	at java.util.concurrent.ThreadPoolExecutor.runWorker(ThreadPoolExecutor.java:1142)
	at java.util.concurrent.ThreadPoolExecutor$Worker.run(ThreadPoolExecutor.java:617)
	at java.lang.Thread.run(Thread.java:745)
Caused by: java.lang.RuntimeException: Failed to execute command image.injection start: startImageInjection command failed. Reason: handset server: target application is not instrumented
	at com.perfectomobile.selenium.MobileEntity.processCommonResponse(MobileEntity.java:102)
	at com.perfectomobile.selenium.MobileDevice.processResponse(MobileDevice.java:530)
	at com.perfectomobile.selenium.MobileEntity.executeDataCommand(MobileEntity.java:68)
	at com.perfectomobile.selenium.MobileEntity.executeDataCommand(MobileEntity.java:61)
	at com.perfectomobile.selenium.MobileDevice.executeGenericCommand(MobileDevice.java:611)
	at com.perfectomobile.selenium.MobileDevice.executeGenericCommand(MobileDevice.java:55)
	at com.perfectomobile.selenium.server.appium.ExecuteScript.executeGenericCommand(ExecuteScript.java:119)
	at com.perfectomobile.selenium.server.appium.ExecuteScript.executeGenericCommand(ExecuteScript.java:77)
	at com.perfectomobile.selenium.server.appium.ExecuteScript.mobileCall(ExecuteScript.java:48)
	at com.perfectomobile.selenium.server.MobileWebDriverHandler.call(MobileWebDriverHandler.java:23)
	at org.openqa.selenium.remote.server.handler.WebDriverHandler.handle(WebDriverHandler.java:41)
	at org.openqa.selenium.remote.server.rest.ResultConfig.handle(ResultConfig.java:112)
	at org.openqa.selenium.remote.server.JsonHttpCommandHandler.handleRequest(JsonHttpCommandHandler.java:192)
	at org.openqa.selenium.remote.server.MobileDriverServlet.lambda$handleRequest$0(MobileDriverServlet.java:465)
	at java.util.concurrent.Executors$RunnableAdapter.call(Executors.java:511)
	at java.util.concurrent.FutureTask.run(FutureTask.java:266)
	at java.util.concurrent.ThreadPoolExecutor.runWorker(ThreadPoolExecutor.java:1142)
	at java.util.concurrent.ThreadPoolExecutor$Worker.run(ThreadPoolExecutor.java:617)
	at java.lang.Thread.run(Thread.java:748)
]]>
    </error>
  </testcase> <!-- PerfectoBankCheckDeposit -->
  <testcase name="transferMoneyMoreThenBalance" time="0.000" classname="com.quantum.tests.PerfectoBank">
    <skipped/>
  </testcase> <!-- transferMoneyMoreThenBalance -->
</testsuite> <!-- com.quantum.tests.PerfectoBank -->
